Arguments: 
  /usr/local/bin/node /usr/local/bin/yarn add -D ts-loader

PATH: 
  /usr/local/bin:/usr/bin:/bin:/usr/sbin:/sbin:/Users/MacBook/Software/ruby/bin:/Users/MacBook/Software/ruby/bine:xport:/Users/MacBook/Software/ruby/bin:/Users/MacBook/Software/ruby/bin:/Users/MacBook/Software/ruby/bin:/Users/MacBook/Software/ruby/bin:/Users/MacBook/Software/ruby/bin:/Users/MacBook/Software/ruby/bin:/Users/MacBook/Software/ruby/bin:/Users/MacBook/Software/ruby/bin:/Users/MacBook/Software/ruby/bin:/Users/MacBook/Software/ruby/bin:/Users/MacBook/Software/ruby/bine:xport

Yarn version: 
  1.16.0

Node version: 
  10.15.3

Platform: 
  darwin x64

Trace: 
  Error: EINVAL: invalid argument, unlink '/Users/MacBook/Documents/caibeike/caibeike-rms-static/node_modules/globby/node_modules/ignore'

npm manifest: 
  {
    "name": "ops-static",
    "version": "1.0.0",
    "description": "ops",
    "main": "index.js",
    "scripts": {
      "lc": "export NODE_ENV=development && webpack --progress --colors --hide-modules --config webpack.config.js",
      "start": "export NODE_ENV=development && node server.js",
      "dev": "export NODE_ENV=dev && webpack --progress --colors --hide-modules --config webpack.config.js",
      "pre": "export NODE_ENV=pre && webpack --progress --colors --hide-modules --config webpack.config.js",
      "build": "export NODE_ENV=production && webpack --progress --colors --hide-modules --config webpack.config.js",
      "wlc": "set NODE_ENV=development&& webpack --progress --colors --hide-modules --config webpack.config.js",
      "wstart": "set NODE_ENV=development&& node server.js"
    },
    "author": "",
    "license": "MIT",
    "homepage": "",
    "dependencies": {
      "fundebug-javascript": "^1.7.3",
      "react": "^16.8.4",
      "react-dom": "^16.8.4",
      "react-loadable": "^5.5.0",
      "react-redux": "^5.1.1",
      "react-router": "^4.3.1",
      "react-router-dom": "^4.3.1",
      "react-router-redux": "^4.0.8",
      "redux": "^4.0.1",
      "redux-logger": "^3.0.6",
      "redux-thunk": "^2.3.0"
    },
    "devDependencies": {
      "@tjoskar/react-lazyload-img": "^1.2.0",
      "antd": "^3.7.2",
      "assets-webpack-plugin": "^3.4.0",
      "autoprefixer": "^9.4.6",
      "axios": "^0.18.0",
      "babel-core": "^6.14.0",
      "babel-eslint": "^7.2.3",
      "babel-loader": "^7.1.5",
      "babel-plugin-import": "^1.4.0",
      "babel-plugin-react-transform": "^2.0.2",
      "babel-plugin-transform-decorators-legacy": "^1.3.5",
      "babel-polyfill": "^6.26.0",
      "babel-preset-env": "^1.7.0",
      "babel-preset-react": "^6.11.1",
      "babel-preset-react-hmre": "^1.1.1",
      "babel-preset-stage-0": "^6.5.0",
      "bundle-loader": "^0.5.4",
      "classnames": "^2.2.6",
      "clean-webpack-plugin": "^1.0.1",
      "cookie-parser": "^1.4.3",
      "css-loader": "^1.0.1",
      "cssnano-preset-default": "^4.0.7",
      "eslint": "^3.19.0",
      "eslint-config-rackt": "^1.1.1",
      "eslint-config-standard": "^10.2.1",
      "eslint-config-standard-react": "^5.0.0",
      "eslint-plugin-babel": "^4.1.1",
      "eslint-plugin-import": "^2.2.0",
      "eslint-plugin-node": "^4.2.2",
      "eslint-plugin-promise": "^3.5.0",
      "eslint-plugin-react": "^7.0.1",
      "eslint-plugin-react-hooks": "^1.5.0",
      "eslint-plugin-standard": "^3.0.1",
      "eventsource-polyfill": "^0.9.6",
      "express": "^4.16.4",
      "extract-text-webpack-plugin": "^4.0.0-beta.0",
      "file-loader": "^2.0.0",
      "font-awesome": "^4.6.3",
      "fundebug-javascript": "^1.7.3",
      "happypack": "^5.0.1",
      "html-webpack-plugin": "^3.2.0",
      "http-proxy-middleware": "^0.18.0",
      "jquery": "^3.3.1",
      "less": "3.x",
      "less-loader": "^4.1.0",
      "mini-css-extract-plugin": "^0.5.0",
      "moment": "^2.24.0",
      "optimize-css-assets-webpack-plugin": "^5.0.1",
      "postcss-cli": "^6.0.1",
      "postcss-loader": "^3.0.0",
      "precss": "^3.1.2",
      "react-transform-catch-errors": "^1.0.2",
      "react-transform-hmr": "^1.0.4",
      "redbox-react": "^1.3.3",
      "redux-devtools": "^3.3.1",
      "redux-devtools-dock-monitor": "^1.1.1",
      "redux-devtools-log-monitor": "^1.0.11",
      "style-loader": "^0.23.0",
      "uglifyjs-webpack-plugin": "^1.3.0",
      "url-loader": "^1.1.1",
      "webpack": "^4.25.1",
      "webpack-bundle-analyzer": "^3.0.3",
      "webpack-cli": "^3.1.2",
      "webpack-dev-middleware": "^3.4.0",
      "webpack-filter-warnings-plugin": "^1.2.1",
      "webpack-hot-middleware": "^2.24.3"
    }
  }

yarn manifest: 
  No manifest

Lockfile: 
  No lockfile
